0 info it worked if it ends with ok
1 verbose cli [ 'node', '/usr/local/bin/npm', 'install', '-g', 'grunt' ]
2 info using npm@2.0.0
3 info using node@v0.10.25
4 verbose node symlink /usr/bin/node
5 verbose cache add [ 'grunt', null ]
6 verbose cache add spec="grunt" args=["grunt",null]
7 verbose parsed spec { raw: 'grunt',
7 verbose parsed spec   scope: null,
7 verbose parsed spec   name: 'grunt',
7 verbose parsed spec   rawSpec: '',
7 verbose parsed spec   spec: '*',
7 verbose parsed spec   type: 'range' }
8 verbose parsed spec { raw: 'grunt',
8 verbose parsed spec   scope: null,
8 verbose parsed spec   name: 'grunt',
8 verbose parsed spec   rawSpec: '',
8 verbose parsed spec   spec: '*',
8 verbose parsed spec   type: 'range' }
9 verbose addNamed [ 'grunt', '*' ]
10 verbose addNamed [ null, '*' ]
11 silly lockFile da20c8d2-grunt grunt@*
12 verbose lock grunt@* /home/joao/.npm/da20c8d2-grunt.lock
13 silly addNameRange { name: 'grunt', range: '*', hasData: false }
14 verbose mapToRegistry name grunt
15 verbose mapToRegistry uri https://registry.npmjs.org/grunt
16 verbose request on initialization, where is /grunt
17 verbose request after pass 1, where is /grunt
18 verbose request url raw /grunt
19 verbose request resolving registry [ 'https://registry.npmjs.org/', './grunt' ]
20 verbose request after pass 2, where is https://registry.npmjs.org/grunt
21 verbose request no auth needed
22 info attempt registry request try #1 at 17:10:29
23 verbose request id 736063de4f0c2339
24 verbose etag "784QAQB58DFZIL8Q0IF588FAB"
25 http request GET https://registry.npmjs.org/grunt
26 http 304 https://registry.npmjs.org/grunt
27 silly registry.get cb [ 304,
27 silly registry.get   { date: 'Sat, 20 Feb 2016 17:10:29 GMT',
27 silly registry.get     via: '1.1 varnish',
27 silly registry.get     'cache-control': 'max-age=300',
27 silly registry.get     etag: '"784QAQB58DFZIL8Q0IF588FAB"',
27 silly registry.get     age: '127',
27 silly registry.get     connection: 'keep-alive',
27 silly registry.get     'x-served-by': 'cache-fra1246-FRA',
27 silly registry.get     'x-cache': 'HIT',
27 silly registry.get     'x-cache-hits': '1',
27 silly registry.get     'x-timer': 'S1455988229.456680,VS0,VE0',
27 silly registry.get     vary: 'Accept' } ]
28 verbose etag https://registry.npmjs.org/grunt from cache
29 silly addNameRange number 2 { name: 'grunt', range: '*', hasData: true }
30 silly addNameRange versions [ 'grunt',
30 silly addNameRange   [ '0.1.0',
30 silly addNameRange     '0.1.1',
30 silly addNameRange     '0.1.2',
30 silly addNameRange     '0.2.0',
30 silly addNameRange     '0.2.1',
30 silly addNameRange     '0.2.2',
30 silly addNameRange     '0.2.3',
30 silly addNameRange     '0.2.4',
30 silly addNameRange     '0.2.5',
30 silly addNameRange     '0.2.6',
30 silly addNameRange     '0.2.7',
30 silly addNameRange     '0.2.8',
30 silly addNameRange     '0.2.9',
30 silly addNameRange     '0.2.10',
30 silly addNameRange     '0.2.11',
30 silly addNameRange     '0.2.12',
30 silly addNameRange     '0.2.13',
30 silly addNameRange     '0.2.14',
30 silly addNameRange     '0.2.15',
30 silly addNameRange     '0.3.0',
30 silly addNameRange     '0.3.1',
30 silly addNameRange     '0.3.2',
30 silly addNameRange     '0.3.3',
30 silly addNameRange     '0.3.4',
30 silly addNameRange     '0.3.5',
30 silly addNameRange     '0.3.6',
30 silly addNameRange     '0.3.7',
30 silly addNameRange     '0.3.8',
30 silly addNameRange     '0.3.9',
30 silly addNameRange     '0.3.10',
30 silly addNameRange     '0.3.11',
30 silly addNameRange     '0.3.12',
30 silly addNameRange     '0.3.13',
30 silly addNameRange     '0.3.14',
30 silly addNameRange     '0.3.15',
30 silly addNameRange     '0.3.16',
30 silly addNameRange     '0.3.17',
30 silly addNameRange     '0.4.0',
30 silly addNameRange     '0.4.1',
30 silly addNameRange     '0.4.2',
30 silly addNameRange     '0.4.3',
30 silly addNameRange     '0.4.4',
30 silly addNameRange     '0.4.5',
30 silly addNameRange     '1.0.0-rc1',
30 silly addNameRange     '0.3.13-a',
30 silly addNameRange     '0.4.0-a',
30 silly addNameRange     '0.4.0-rc1',
30 silly addNameRange     '0.4.0-rc2',
30 silly addNameRange     '0.4.0-rc3',
30 silly addNameRange     '0.4.0-rc4',
30 silly addNameRange     '0.4.0-rc5',
30 silly addNameRange     '0.4.0-rc6',
30 silly addNameRange     '0.4.0-rc7',
30 silly addNameRange     '0.4.0-rc8' ] ]
31 verbose addNamed [ 'grunt', '0.4.5' ]
32 verbose addNamed [ '0.4.5', '0.4.5' ]
33 silly lockFile 81abf7ad-grunt-0-4-5 grunt@0.4.5
34 verbose lock grunt@0.4.5 /home/joao/.npm/81abf7ad-grunt-0-4-5.lock
35 silly lockFile 81abf7ad-grunt-0-4-5 grunt@0.4.5
36 silly lockFile 81abf7ad-grunt-0-4-5 grunt@0.4.5
37 silly lockFile da20c8d2-grunt grunt@*
38 silly lockFile da20c8d2-grunt grunt@*
39 silly resolved [ { name: 'grunt',
39 silly resolved     description: 'The JavaScript Task Runner',
39 silly resolved     version: '0.4.5',
39 silly resolved     author: { name: '"Cowboy" Ben Alman', url: 'http://benalman.com/' },
39 silly resolved     homepage: 'http://gruntjs.com/',
39 silly resolved     repository: { type: 'git', url: 'git://github.com/gruntjs/grunt.git' },
39 silly resolved     bugs: { url: 'http://github.com/gruntjs/grunt/issues' },
39 silly resolved     licenses: [ [Object] ],
39 silly resolved     main: 'lib/grunt',
39 silly resolved     scripts: { test: 'grunt test' },
39 silly resolved     engines: { node: '>= 0.8.0' },
39 silly resolved     keywords:
39 silly resolved      [ 'task',
39 silly resolved        'async',
39 silly resolved        'cli',
39 silly resolved        'minify',
39 silly resolved        'uglify',
39 silly resolved        'build',
39 silly resolved        'lodash',
39 silly resolved        'unit',
39 silly resolved        'test',
39 silly resolved        'qunit',
39 silly resolved        'nodeunit',
39 silly resolved        'server',
39 silly resolved        'init',
39 silly resolved        'scaffold',
39 silly resolved        'make',
39 silly resolved        'jake',
39 silly resolved        'tool' ],
39 silly resolved     dependencies:
39 silly resolved      { async: '~0.1.22',
39 silly resolved        'coffee-script': '~1.3.3',
39 silly resolved        colors: '~0.6.2',
39 silly resolved        dateformat: '1.0.2-1.2.3',
39 silly resolved        eventemitter2: '~0.4.13',
39 silly resolved        'findup-sync': '~0.1.2',
39 silly resolved        glob: '~3.1.21',
39 silly resolved        hooker: '~0.2.3',
39 silly resolved        'iconv-lite': '~0.2.11',
39 silly resolved        minimatch: '~0.2.12',
39 silly resolved        nopt: '~1.0.10',
39 silly resolved        rimraf: '~2.2.8',
39 silly resolved        lodash: '~0.9.2',
39 silly resolved        'underscore.string': '~2.2.1',
39 silly resolved        which: '~1.0.5',
39 silly resolved        'js-yaml': '~2.0.5',
39 silly resolved        exit: '~0.1.1',
39 silly resolved        getobject: '~0.1.0',
39 silly resolved        'grunt-legacy-util': '~0.2.0',
39 silly resolved        'grunt-legacy-log': '~0.1.0' },
39 silly resolved     devDependencies:
39 silly resolved      { temporary: '~0.0.4',
39 silly resolved        'grunt-contrib-jshint': '~0.6.4',
39 silly resolved        'grunt-contrib-nodeunit': '~0.2.0',
39 silly resolved        'grunt-contrib-watch': '~0.5.3',
39 silly resolved        difflet: '~0.2.3',
39 silly resolved        semver: '2.1.0',
39 silly resolved        shelljs: '~0.2.5' },
39 silly resolved     _id: 'grunt@0.4.5',
39 silly resolved     dist:
39 silly resolved      { shasum: '56937cd5194324adff6d207631832a9d6ba4e7f0',
39 silly resolved        tarball: 'http://registry.npmjs.org/grunt/-/grunt-0.4.5.tgz' },
39 silly resolved     _from: 'grunt@*',
39 silly resolved     _npmVersion: '1.4.4',
39 silly resolved     _npmUser: { name: 'cowboy', email: 'cowboy@rj3.net' },
39 silly resolved     maintainers: [ [Object], [Object] ],
39 silly resolved     directories: {},
39 silly resolved     _shasum: '56937cd5194324adff6d207631832a9d6ba4e7f0',
39 silly resolved     _resolved: 'https://registry.npmjs.org/grunt/-/grunt-0.4.5.tgz',
39 silly resolved     readme: 'ERROR: No README data found!' } ]
40 info install grunt@0.4.5 into /usr/lib
41 info installOne grunt@0.4.5
42 verbose lib/node_modules/grunt unbuild
43 verbose gentlyRm vacuuming /usr/lib/node_modules/grunt
44 verbose tar unpack /home/joao/.npm/grunt/0.4.5/package.tgz
45 silly lockFile 8cad6651-tar-usr-lib-node-modules-grunt tar:///usr/lib/node_modules/grunt
46 verbose lock tar:///usr/lib/node_modules/grunt /home/joao/.npm/8cad6651-tar-usr-lib-node-modules-grunt.lock
47 silly lockFile e07b37e1-joao-npm-grunt-0-4-5-package-tgz tar:///home/joao/.npm/grunt/0.4.5/package.tgz
48 verbose lock tar:///home/joao/.npm/grunt/0.4.5/package.tgz /home/joao/.npm/e07b37e1-joao-npm-grunt-0-4-5-package-tgz.lock
49 verbose gentlyRm vacuuming /usr/lib/node_modules/grunt
50 silly gunzTarPerm modes [ '775', '664' ]
51 verbose fstream_path /usr/lib/node_modules/grunt
52 verbose fstream_type Directory
53 verbose fstream_class DirWriter
54 verbose stack Error: EACCES, mkdir '/usr/lib/node_modules/grunt'
55 verbose fstream_stack /usr/local/lib/node_modules/npm/node_modules/fstream/lib/dir-writer.js:36:23
55 verbose fstream_stack /usr/local/lib/node_modules/npm/node_modules/mkdirp/index.js:46:53
55 verbose fstream_stack Object.oncomplete (fs.js:107:15)
56 verbose cwd /home/joao/git/feup-pp/cpp11-tutorial
57 error Linux 4.2.0-27-generic
58 error argv "node" "/usr/local/bin/npm" "install" "-g" "grunt"
59 error node v0.10.25
60 error npm  v2.0.0
61 error path /usr/lib/node_modules/grunt
62 error code EACCES
63 error errno 3
64 error Error: EACCES, mkdir '/usr/lib/node_modules/grunt'
64 error  { [Error: EACCES, mkdir '/usr/lib/node_modules/grunt']
64 error   errno: 3,
64 error   code: 'EACCES',
64 error   path: '/usr/lib/node_modules/grunt',
64 error   fstream_type: 'Directory',
64 error   fstream_path: '/usr/lib/node_modules/grunt',
64 error   fstream_class: 'DirWriter',
64 error   fstream_stack:
64 error    [ '/usr/local/lib/node_modules/npm/node_modules/fstream/lib/dir-writer.js:36:23',
64 error      '/usr/local/lib/node_modules/npm/node_modules/mkdirp/index.js:46:53',
64 error      'Object.oncomplete (fs.js:107:15)' ] }
65 error Please try running this command again as root/Administrator.
66 verbose exit [ 3, true ]
